<AuthnRequest xmlns="sampl2p" Destination="https://eidas-service.eu/post" ID="_171ccc6b39b1e8f6e762c2e4ee4ded3a" IssueInstant="2021-04-30T19:25:14.273Z" Version="2.0" xmlns:wstxns1="xmlns" wstxns1:saml2p="urn:oasis:names:tc:SAML:2.0:protocol" wstxns1:eidas="http://eidas.europa.eu/saml-extensions"><wstxns2:Issuer xmlns:wstxns2="saml2" Format="urn:oasis:names:tc:SAML:2.0:nameid-format:entity" wstxns1:saml2="urn:oasis:names:tc:SAML:2.0:assertion">https://eidas-connector.eu</wstxns2:Issuer><wstxns3:Signature xmlns:wstxns3="ds" wstxns1:ds="http://www.w3.org/2000/09/xmldsig#"><wstxns3:SignedInfo><wstxns3:CanonicalizationMethod Algorithm="http://www.w3.org/2001/10/xml-exc-c14n#"/><wstxns3:SignatureMethod Algorithm="http://www.w3.org/2000/09/xmldsig#rsa-sha1"/><wstxns3:Reference URI="#_171ccc6b39b1e8f6e762c2e4ee4ded3a"><wstxns3:Transforms><wstxns3:Transform Algorithm="http://www.w3.org/2000/09/xmldsig#enveloped-signature"/><wstxns3:Transform Algorithm="http://www.w3.org/2001/10/xml-exc-c14n#"/></wstxns3:Transforms><wstxns3:DigestMethod Algorithm="http://www.w3.org/2000/09/xmldsig#sha1"/><wstxns3:DigestValue>EFe8x1Gvm5RVmrBaWM5RrQm81xk=</wstxns3:DigestValue></wstxns3:Reference></wstxns3:SignedInfo><wstxns3:SignatureValue>SaO8==</wstxns3:SignatureValue><wstxns3:KeyInfo><wstxns3:KeyValue><wstxns3:RSAKeyValue><wstxns3:Modulus>nEPz==</wstxns3:Modulus><wstxns3:Exponent>AQAB</wstxns3:Exponent></wstxns3:RSAKeyValue></wstxns3:KeyValue></wstxns3:KeyInfo></wstxns3:Signature><wstxns4:Extensions xmlns:wstxns4="saml2p"><wstxns5:SPType xmlns:wstxns5="eidas">public</wstxns5:SPType><wstxns6:RequestedAttributes xmlns:wstxns6="eidas"><wstxns6:RequestedAttribute Name="http://eidas.europa.eu/attributes/naturalperson/PersonIdentifier" NameFormat="urn:oasis:names:tc:SAML:2.0:attrname-format:uri" isRequired="true"/><wstxns6:RequestedAttribute Name="http://eidas.europa.eu/attributes/naturalperson/CurrentFamilyName" NameFormat="urn:oasis:names:tc:SAML:2.0:attrname-format:uri" isRequired="true"/><wstxns6:RequestedAttribute Name="http://eidas.europa.eu/attributes/naturalperson/CurrentGivenName" NameFormat="urn:oasis:names:tc:SAML:2.0:attrname-format:uri" isRequired="true"/><wstxns6:RequestedAttribute Name="http://eidas.europa.eu/attributes/naturalperson/DateOfBirth" NameFormat="urn:oasis:names:tc:SAML:2.0:attrname-format:uri" isRequired="true"/></wstxns6:RequestedAttributes></wstxns4:Extensions><wstxns7:NameIDPolicy xmlns:wstxns7="saml2p" AllowCreate="true" Format="urn:oasis:names:tc:SAML:2.0:nameid-format:persistent"/><wstxns8:RequestedAuthnContext xmlns:wstxns8="saml2p" Comparison="minimum"><wstxns9:AuthnContextClassRef xmlns:wstxns9="saml2" wstxns1:saml2="urn:oasis:names:tc:SAML:2.0:assertion">http://eidas.europa.eu/LoA/high</wstxns9:AuthnContextClassRef></wstxns8:RequestedAuthnContext></AuthnRequest>