<saml2p:AuthnRequest Destination="https://eidas-service.eu/post"
  ID="_171ccc6b39b1e8f6e762c2e4ee4ded3a" IssueInstant="2021-04-30T19:25:14.273Z" Version="2.0"
  xmlns:saml2p="urn:oasis:names:tc:SAML:2.0:protocol"
  xmlns:eidas="http://eidas.europa.eu/saml-extensions">
  <saml2:Issuer Format="urn:oasis:names:tc:SAML:2.0:nameid-format:entity"
    xmlns:saml2="urn:oasis:names:tc:SAML:2.0:assertion">https://eidas-connector.eu
  </saml2:Issuer>
  <ds:Signature xmlns:ds="http://www.w3.org/2000/09/xmldsig#">
    <ds:SignedInfo>
      <ds:CanonicalizationMethod Algorithm="http://www.w3.org/2001/10/xml-exc-c14n#"/>
      <ds:SignatureMethod Algorithm="http://www.w3.org/2000/09/xmldsig#rsa-sha1"/>
      <ds:Reference URI="#_171ccc6b39b1e8f6e762c2e4ee4ded3a">
        <ds:Transforms>
          <ds:Transform Algorithm="http://www.w3.org/2000/09/xmldsig#enveloped-signature"/>
          <ds:Transform Algorithm="http://www.w3.org/2001/10/xml-exc-c14n#"/>
        </ds:Transforms>
      </ds:Reference>
    </ds:SignedInfo>
    <ds:SignatureValue>SaO8==</ds:SignatureValue>
    <ds:KeyInfo>
      <ds:KeyValue>
        <ds:RSAKeyValue>
          <ds:Modulus>nEPz==</ds:Modulus>
          <ds:Exponent>AQAB</ds:Exponent>
        </ds:RSAKeyValue>
      </ds:KeyValue>
    </ds:KeyInfo>
  </ds:Signature>
</saml2p:AuthnRequest>